2021-10-03 12:10:16 -  - exec CUpdateClientPartner::SearchModulesEx
2021-10-03 12:10:16 -  - exec CUpdateClientPartner::__CollectRequestData
2021-10-03 12:10:17 -  - utf=Y&lang=ru&stable=Y&CANGZIP=Y&SUPD_DBS=MYSQL&XE=N&CLIENT_SITE=localhost&LICENSE_KEY=X&SUPD_STS=1&SUPD_URS=0&SUPD_URSA=1&TYPENC=D&CLIENT_PHPVER=7.4.21&NGINX=Y&dbv=8.0.24&instm=main%2C21.400.100%2CY%3Bb24connector%2C21.0.0%2CN%3Bbitrix.sitecorporate%2C15.5.0%2CN%3Bbitrix.siteinfoportal%2C15.5.0%2CN%3Bbitrix.sitepersonal%2C15.5.0%2CN%3Bbitrixcloud%2C21.0.0%2CN%3Bblog%2C21.200.0%2CN%3Bclouds%2C21.100.0%2CN%3Bfileman%2C21.200.0%2CN%3Bform%2C21.0.0%2CN%3Bforum%2C21.100.0%2CN%3Bhighloadblock%2C21.100.0%2CN%3Biblock%2C21.400.100%2CN%3Blanding%2C21.300.300%2CN%3Bmessageservice%2C21.100.0%2CN%3Bmobileapp%2C21.0.50%2CN%3Bperfmon%2C21.0.0%2CN%3Bphotogallery%2C21.0.0%2CN%3Brest%2C21.200.0%2CN%3Bscale%2C21.0.0%2CN%3Bsearch%2C21.0.100%2CN%3Bsecurity%2C21.0.0%2CN%3Bseo%2C21.300.0%2CN%3Bsocialservices%2C21.100.0%2CN%3Bsubscribe%2C21.0.0%2CN%3Btranslate%2C21.100.0%2CN%3Bui%2C21.300.0%2CN%3Bvote%2C21.0.0%2CN&search_module_id=&search_module=&search_category=7%2C14&search_type=&search_order=DESC&search_order_by=SORT&search_page=1&SUPD_SRS=RU&SUPD_CMP=N
2021-10-03 12:10:17 -  - exec CUpdateClientPartner::GetHTTPPage
2021-10-03 12:10:18 -  - TIME SearchModulesEx(request) 1.888 sec
2021-10-03 12:10:18 -  - exec CUpdateClientPartner::ParseServerData
2021-10-03 12:10:29 -  - exec CUpdateClientPartner::LoadModulesUpdates
2021-10-03 12:10:29 -  - exec CUpdateClientPartner::__CollectRequestData
2021-10-03 12:10:29 -  - utf=Y&lang=ru&stable=Y&CANGZIP=Y&SUPD_DBS=MYSQL&XE=N&CLIENT_SITE=localhost&LICENSE_KEY=X&SUPD_STS=1&SUPD_URS=0&SUPD_URSA=1&TYPENC=D&CLIENT_PHPVER=7.4.21&NGINX=Y&dbv=8.0.24&instm=main%2C21.400.100%2CY%3Bb24connector%2C21.0.0%2CN%3Bbitrix.sitecorporate%2C15.5.0%2CN%3Bbitrix.siteinfoportal%2C15.5.0%2CN%3Bbitrix.sitepersonal%2C15.5.0%2CN%3Bbitrixcloud%2C21.0.0%2CN%3Bblog%2C21.200.0%2CN%3Bclouds%2C21.100.0%2CN%3Bfileman%2C21.200.0%2CN%3Bform%2C21.0.0%2CN%3Bforum%2C21.100.0%2CN%3Bhighloadblock%2C21.100.0%2CN%3Biblock%2C21.400.100%2CN%3Blanding%2C21.300.300%2CN%3Bmessageservice%2C21.100.0%2CN%3Bmobileapp%2C21.0.50%2CN%3Bperfmon%2C21.0.0%2CN%3Bphotogallery%2C21.0.0%2CN%3Brest%2C21.200.0%2CN%3Bscale%2C21.0.0%2CN%3Bsearch%2C21.0.100%2CN%3Bsecurity%2C21.0.0%2CN%3Bseo%2C21.300.0%2CN%3Bsocialservices%2C21.100.0%2CN%3Bsubscribe%2C21.0.0%2CN%3Btranslate%2C21.100.0%2CN%3Bui%2C21.300.0%2CN%3Bvote%2C21.0.0%2CN&reqm=nsandrey.emptyinstall&lim=Y&SUPD_SRS=RU&SUPD_CMP=N
2021-10-03 12:10:29 -  - exec CUpdateClientPartner::GetHTTPPage
2021-10-03 12:10:29 -  - TIME LoadModulesUpdates(request) 0.392 sec
2021-10-03 12:10:29 -  - exec CUpdateClientPartner::ParseServerData
2021-10-03 12:10:29 - S - STEP
2021-10-03 12:10:29 - LM4W01 - loadModule4Wizard-Step
2021-10-03 12:10:30 -  - exec CUpdateClientPartner::LoadModulesUpdates
2021-10-03 12:10:30 -  - exec CUpdateClientPartner::ParseServerData
2021-10-03 12:10:30 -  - loadFile
2021-10-03 12:10:30 - U - RETURN
2021-10-03 12:10:30 -  - exec CUpdateClientPartner::UnGzipArchive
2021-10-03 12:10:31 -  - TIME UnGzipArchive 0.506 sec
2021-10-03 12:10:31 -  - TIME UpdateStepModules 0.135 sec
2021-10-03 12:10:31 -  - exec CUpdateClientPartner::LoadModulesUpdates
2021-10-03 12:10:31 -  - exec CUpdateClientPartner::__CollectRequestData
2021-10-03 12:10:31 -  - utf=Y&lang=ru&stable=Y&CANGZIP=Y&SUPD_DBS=MYSQL&XE=N&CLIENT_SITE=localhost&LICENSE_KEY=X&SUPD_STS=1&SUPD_URS=0&SUPD_URSA=1&TYPENC=D&CLIENT_PHPVER=7.4.21&NGINX=Y&dbv=8.0.24&instm=main%2C21.400.100%2CY%3Bb24connector%2C21.0.0%2CN%3Bbitrix.sitecorporate%2C15.5.0%2CN%3Bbitrix.siteinfoportal%2C15.5.0%2CN%3Bbitrix.sitepersonal%2C15.5.0%2CN%3Bbitrixcloud%2C21.0.0%2CN%3Bblog%2C21.200.0%2CN%3Bclouds%2C21.100.0%2CN%3Bfileman%2C21.200.0%2CN%3Bform%2C21.0.0%2CN%3Bforum%2C21.100.0%2CN%3Bhighloadblock%2C21.100.0%2CN%3Biblock%2C21.400.100%2CN%3Blanding%2C21.300.300%2CN%3Bmessageservice%2C21.100.0%2CN%3Bmobileapp%2C21.0.50%2CN%3Bnsandrey.emptyinstall%2C1.0.5%2CN%3Bperfmon%2C21.0.0%2CN%3Bphotogallery%2C21.0.0%2CN%3Brest%2C21.200.0%2CN%3Bscale%2C21.0.0%2CN%3Bsearch%2C21.0.100%2CN%3Bsecurity%2C21.0.0%2CN%3Bseo%2C21.300.0%2CN%3Bsocialservices%2C21.100.0%2CN%3Bsubscribe%2C21.0.0%2CN%3Btranslate%2C21.100.0%2CN%3Bui%2C21.300.0%2CN%3Bvote%2C21.0.0%2CN&reqm=nsandrey.emptyinstall&lim=Y&SUPD_SRS=RU&SUPD_CMP=N
2021-10-03 12:10:31 -  - exec CUpdateClientPartner::GetHTTPPage
2021-10-03 12:10:31 -  - TIME LoadModulesUpdates(request) 0.336 sec
2021-10-03 12:10:31 -  - exec CUpdateClientPartner::ParseServerData
2021-10-03 12:10:31 - STEP - Finish - NOUPDATES
2021-10-03 12:10:31 - LM4W03 - Finish - NOUPDATES
2021-10-03 12:15:07 -  - exec CUpdateClientPartner::__CollectRequestData
2021-10-03 12:15:07 -  - exec CUpdateClientPartner::GetHTTPPage
2021-10-03 12:15:08 -  - exec CUpdateClientPartner::ParseServerData
2021-10-03 12:15:08 -  - exec CUpdateClientPartner::GetUpdatesList
2021-10-03 12:15:08 -  - exec CUpdateClientPartner::__CollectRequestData
2021-10-03 12:15:08 -  - utf=Y&lang=ru&stable=Y&CANGZIP=Y&SUPD_DBS=MYSQL&XE=N&CLIENT_SITE=localhost&LICENSE_KEY=X&SUPD_STS=1&SUPD_URS=0&SUPD_URSA=1&TYPENC=D&CLIENT_PHPVER=7.4.21&NGINX=Y&dbv=8.0.24&instm=main%2C21.400.100%2CY%3Bb24connector%2C21.0.0%2CN%3Bbitrix.sitecorporate%2C15.5.0%2CN%3Bbitrix.siteinfoportal%2C15.5.0%2CN%3Bbitrix.sitepersonal%2C15.5.0%2CN%3Bbitrixcloud%2C21.0.0%2CN%3Bblog%2C21.200.0%2CN%3Bclouds%2C21.100.0%2CN%3Bfileman%2C21.200.0%2CN%3Bform%2C21.0.0%2CN%3Bforum%2C21.100.0%2CN%3Bhighloadblock%2C21.100.0%2CN%3Biblock%2C21.400.100%2CN%3Blanding%2C21.300.300%2CN%3Bmessageservice%2C21.100.0%2CN%3Bmobileapp%2C21.0.50%2CN%3Bnsandrey.emptyinstall%2C1.0.5%2CN%3Bperfmon%2C21.0.0%2CN%3Bphotogallery%2C21.0.0%2CN%3Brest%2C21.200.0%2CN%3Bscale%2C21.0.0%2CN%3Bsearch%2C21.0.100%2CN%3Bsecurity%2C21.0.0%2CN%3Bseo%2C21.300.0%2CN%3Bsocialservices%2C21.100.0%2CN%3Bsubscribe%2C21.0.0%2CN%3Btranslate%2C21.100.0%2CN%3Bui%2C21.300.0%2CN%3Bvote%2C21.0.0%2CN&reqm=bitrix.sitecorporate%2Cbitrix.siteinfoportal%2Cbitrix.sitepersonal%2Cnsandrey.emptyinstall&fullmoduleinfo=Y&SUPD_SRS=RU&SUPD_CMP=N
2021-10-03 12:15:08 -  - exec CUpdateClientPartner::GetHTTPPage
2021-10-03 12:15:08 -  - TIME GetUpdatesList(request) 0.377 sec
2021-10-03 12:15:08 -  - exec CUpdateClientPartner::ParseServerData
2021-10-03 12:15:08 -  - exec CUpdateClientPartner::__CollectRequestData
2021-10-03 12:15:08 -  - exec CUpdateClientPartner::GetHTTPPage
2021-10-03 12:15:09 -  - exec CUpdateClientPartner::ParseServerData
2021-10-04 12:15:50 -  - exec CUpdateClientPartner::__CollectRequestData
2021-10-04 12:15:50 -  - exec CUpdateClientPartner::GetHTTPPage
2021-10-04 12:15:51 -  - exec CUpdateClientPartner::ParseServerData
2021-10-04 12:15:51 -  - exec CUpdateClientPartner::GetUpdatesList
2021-10-04 12:15:51 -  - exec CUpdateClientPartner::__CollectRequestData
2021-10-04 12:15:51 -  - utf=Y&lang=ru&stable=Y&CANGZIP=Y&SUPD_DBS=MYSQL&XE=N&CLIENT_SITE=localhost&LICENSE_KEY=X&SUPD_STS=1&SUPD_URS=0&SUPD_URSA=1&TYPENC=D&CLIENT_PHPVER=7.4.21&NGINX=Y&dbv=8.0.24&instm=main%2C21.400.100%2CY%3Bb24connector%2C21.0.0%2CN%3Bbitrix.sitecorporate%2C15.5.0%2CN%3Bbitrix.siteinfoportal%2C15.5.0%2CN%3Bbitrix.sitepersonal%2C15.5.0%2CN%3Bbitrixcloud%2C21.0.0%2CN%3Bblog%2C21.200.0%2CN%3Bclouds%2C21.100.0%2CN%3Bfileman%2C21.200.0%2CN%3Bform%2C21.0.0%2CN%3Bforum%2C21.100.0%2CN%3Bhighloadblock%2C21.100.0%2CN%3Biblock%2C21.400.100%2CN%3Blanding%2C21.300.300%2CN%3Bmessageservice%2C21.100.0%2CN%3Bmobileapp%2C21.0.50%2CN%3Bnsandrey.emptyinstall%2C1.0.5%2CN%3Bperfmon%2C21.0.0%2CN%3Bphotogallery%2C21.0.0%2CN%3Brest%2C21.200.0%2CN%3Bscale%2C21.0.0%2CN%3Bsearch%2C21.0.100%2CN%3Bsecurity%2C21.0.0%2CN%3Bseo%2C21.300.0%2CN%3Bsocialservices%2C21.100.0%2CN%3Bsubscribe%2C21.0.0%2CN%3Btranslate%2C21.100.0%2CN%3Bui%2C21.300.0%2CN%3Bvote%2C21.0.0%2CN&reqm=bitrix.sitecorporate%2Cbitrix.siteinfoportal%2Cbitrix.sitepersonal%2Cnsandrey.emptyinstall&fullmoduleinfo=Y&SUPD_SRS=RU&SUPD_CMP=N
2021-10-04 12:15:51 -  - exec CUpdateClientPartner::GetHTTPPage
2021-10-04 12:15:51 -  - TIME GetUpdatesList(request) 0.34 sec
2021-10-04 12:15:51 -  - exec CUpdateClientPartner::ParseServerData
2021-10-04 12:15:51 -  - exec CUpdateClientPartner::__CollectRequestData
2021-10-04 12:15:51 -  - exec CUpdateClientPartner::GetHTTPPage
2021-10-04 12:15:51 -  - exec CUpdateClientPartner::ParseServerData
2021-10-04 12:15:52 -  - exec CUpdateClientPartner::__CollectRequestData
2021-10-04 12:15:52 -  - exec CUpdateClientPartner::GetHTTPPage
2021-10-04 12:15:52 -  - exec CUpdateClientPartner::ParseServerData
2021-10-04 12:15:52 -  - exec CUpdateClientPartner::GetUpdatesList
2021-10-04 12:15:52 -  - exec CUpdateClientPartner::__CollectRequestData
2021-10-04 12:15:52 -  - utf=Y&lang=ru&stable=Y&CANGZIP=Y&SUPD_DBS=MYSQL&XE=N&CLIENT_SITE=localhost&LICENSE_KEY=X&SUPD_STS=1&SUPD_URS=0&SUPD_URSA=1&TYPENC=D&CLIENT_PHPVER=7.4.21&NGINX=Y&dbv=8.0.24&instm=main%2C21.400.100%2CY%3Bb24connector%2C21.0.0%2CN%3Bbitrix.sitecorporate%2C15.5.0%2CN%3Bbitrix.siteinfoportal%2C15.5.0%2CN%3Bbitrix.sitepersonal%2C15.5.0%2CN%3Bbitrixcloud%2C21.0.0%2CN%3Bblog%2C21.200.0%2CN%3Bclouds%2C21.100.0%2CN%3Bfileman%2C21.200.0%2CN%3Bform%2C21.0.0%2CN%3Bforum%2C21.100.0%2CN%3Bhighloadblock%2C21.100.0%2CN%3Biblock%2C21.400.100%2CN%3Blanding%2C21.300.300%2CN%3Bmessageservice%2C21.100.0%2CN%3Bmobileapp%2C21.0.50%2CN%3Bnsandrey.emptyinstall%2C1.0.5%2CN%3Bperfmon%2C21.0.0%2CN%3Bphotogallery%2C21.0.0%2CN%3Brest%2C21.200.0%2CN%3Bscale%2C21.0.0%2CN%3Bsearch%2C21.0.100%2CN%3Bsecurity%2C21.0.0%2CN%3Bseo%2C21.300.0%2CN%3Bsocialservices%2C21.100.0%2CN%3Bsubscribe%2C21.0.0%2CN%3Btranslate%2C21.100.0%2CN%3Bui%2C21.300.0%2CN%3Bvote%2C21.0.0%2CN&reqm=bitrix.sitecorporate%2Cbitrix.siteinfoportal%2Cbitrix.sitepersonal%2Cnsandrey.emptyinstall&fullmoduleinfo=Y&SUPD_SRS=RU&SUPD_CMP=N
2021-10-04 12:15:52 -  - exec CUpdateClientPartner::GetHTTPPage
2021-10-04 12:15:53 -  - TIME GetUpdatesList(request) 0.371 sec
2021-10-04 12:15:53 -  - exec CUpdateClientPartner::ParseServerData
2021-10-04 12:15:53 -  - exec CUpdateClientPartner::__CollectRequestData
2021-10-04 12:15:53 -  - exec CUpdateClientPartner::GetHTTPPage
2021-10-04 12:15:53 -  - exec CUpdateClientPartner::ParseServerData
2021-10-04 12:15:53 -  - exec CUpdateClientPartner::__CollectRequestData
2021-10-04 12:15:53 -  - exec CUpdateClientPartner::GetHTTPPage
2021-10-04 12:15:54 -  - exec CUpdateClientPartner::ParseServerData
2021-10-04 12:15:54 -  - exec CUpdateClientPartner::GetUpdatesList
2021-10-04 12:15:54 -  - exec CUpdateClientPartner::__CollectRequestData
2021-10-04 12:15:54 -  - utf=Y&lang=ru&stable=Y&CANGZIP=Y&SUPD_DBS=MYSQL&XE=N&CLIENT_SITE=localhost&LICENSE_KEY=X&SUPD_STS=1&SUPD_URS=0&SUPD_URSA=1&TYPENC=D&CLIENT_PHPVER=7.4.21&NGINX=Y&dbv=8.0.24&instm=main%2C21.400.100%2CY%3Bb24connector%2C21.0.0%2CN%3Bbitrix.sitecorporate%2C15.5.0%2CN%3Bbitrix.siteinfoportal%2C15.5.0%2CN%3Bbitrix.sitepersonal%2C15.5.0%2CN%3Bbitrixcloud%2C21.0.0%2CN%3Bblog%2C21.200.0%2CN%3Bclouds%2C21.100.0%2CN%3Bfileman%2C21.200.0%2CN%3Bform%2C21.0.0%2CN%3Bforum%2C21.100.0%2CN%3Bhighloadblock%2C21.100.0%2CN%3Biblock%2C21.400.100%2CN%3Blanding%2C21.300.300%2CN%3Bmessageservice%2C21.100.0%2CN%3Bmobileapp%2C21.0.50%2CN%3Bnsandrey.emptyinstall%2C1.0.5%2CN%3Bperfmon%2C21.0.0%2CN%3Bphotogallery%2C21.0.0%2CN%3Brest%2C21.200.0%2CN%3Bscale%2C21.0.0%2CN%3Bsearch%2C21.0.100%2CN%3Bsecurity%2C21.0.0%2CN%3Bseo%2C21.300.0%2CN%3Bsocialservices%2C21.100.0%2CN%3Bsubscribe%2C21.0.0%2CN%3Btranslate%2C21.100.0%2CN%3Bui%2C21.300.0%2CN%3Bvote%2C21.0.0%2CN&reqm=bitrix.sitecorporate%2Cbitrix.siteinfoportal%2Cbitrix.sitepersonal%2Cnsandrey.emptyinstall&fullmoduleinfo=Y&SUPD_SRS=RU&SUPD_CMP=N
2021-10-04 12:15:54 -  - exec CUpdateClientPartner::GetHTTPPage
2021-10-04 12:15:54 -  - TIME GetUpdatesList(request) 0.378 sec
2021-10-04 12:15:54 -  - exec CUpdateClientPartner::ParseServerData
2021-10-04 12:15:54 -  - exec CUpdateClientPartner::__CollectRequestData
2021-10-04 12:15:54 -  - exec CUpdateClientPartner::GetHTTPPage
2021-10-04 12:15:54 -  - exec CUpdateClientPartner::ParseServerData
2021-10-05 12:33:26 -  - exec CUpdateClientPartner::__CollectRequestData
2021-10-05 12:33:26 -  - exec CUpdateClientPartner::GetHTTPPage
2021-10-05 12:33:26 -  - exec CUpdateClientPartner::ParseServerData
2021-10-05 12:33:26 -  - exec CUpdateClientPartner::GetUpdatesList
2021-10-05 12:33:26 -  - exec CUpdateClientPartner::__CollectRequestData
2021-10-05 12:33:27 -  - utf=Y&lang=ru&stable=Y&CANGZIP=Y&SUPD_DBS=MYSQL&XE=N&CLIENT_SITE=localhost&LICENSE_KEY=X&SUPD_STS=1&SUPD_URS=0&SUPD_URSA=1&TYPENC=D&CLIENT_PHPVER=7.4.21&NGINX=Y&dbv=8.0.24&instm=main%2C21.400.100%2CY%3Bb24connector%2C21.0.0%2CN%3Bbitrix.sitecorporate%2C15.5.0%2CN%3Bbitrix.siteinfoportal%2C15.5.0%2CN%3Bbitrix.sitepersonal%2C15.5.0%2CN%3Bbitrixcloud%2C21.0.0%2CN%3Bblog%2C21.200.0%2CN%3Bclouds%2C21.100.0%2CN%3Bfileman%2C21.200.0%2CN%3Bform%2C21.0.0%2CN%3Bforum%2C21.100.0%2CN%3Bhighloadblock%2C21.100.0%2CN%3Biblock%2C21.400.100%2CN%3Blanding%2C21.300.300%2CN%3Bmessageservice%2C21.100.0%2CN%3Bmobileapp%2C21.0.50%2CN%3Bnsandrey.emptyinstall%2C1.0.5%2CN%3Bperfmon%2C21.0.0%2CN%3Bphotogallery%2C21.0.0%2CN%3Brest%2C21.200.0%2CN%3Bscale%2C21.0.0%2CN%3Bsearch%2C21.0.100%2CN%3Bsecurity%2C21.0.0%2CN%3Bseo%2C21.300.0%2CN%3Bsocialservices%2C21.100.0%2CN%3Bsubscribe%2C21.0.0%2CN%3Btranslate%2C21.100.0%2CN%3Bui%2C21.300.0%2CN%3Bvote%2C21.0.0%2CN&reqm=bitrix.sitecorporate%2Cbitrix.siteinfoportal%2Cbitrix.sitepersonal%2Cnsandrey.emptyinstall&fullmoduleinfo=Y&SUPD_SRS=RU&SUPD_CMP=N
2021-10-05 12:33:27 -  - exec CUpdateClientPartner::GetHTTPPage
2021-10-05 12:33:27 -  - TIME GetUpdatesList(request) 0.334 sec
2021-10-05 12:33:27 -  - exec CUpdateClientPartner::ParseServerData
2021-10-05 12:33:27 -  - exec CUpdateClientPartner::__CollectRequestData
2021-10-05 12:33:27 -  - exec CUpdateClientPartner::GetHTTPPage
2021-10-05 12:33:27 -  - exec CUpdateClientPartner::ParseServerData
